<?xml version="1.0" encoding="UTF-8"?>
<!-- Generated by org.testng.reporters.JUnitReportReporter -->
<testsuite hostname="DESKTOP-T18N33P" failures="0" tests="2" name="AppiumMavenGrpID.AppiumFramework.EcommerceAppAutomation4Cloud" time="95.754" errors="0" timestamp="2021-10-30T17:54:13 IST" skipped="0">
  <testcase classname="AppiumMavenGrpID.AppiumFramework.EcommerceAppAutomation4Cloud" name="TestNGmethod" time="48.711"/>
  <system-out/>
  <testcase classname="AppiumMavenGrpID.AppiumFramework.EcommerceAppAutomation4Cloud" name="TestNGmethod" time="47.043"/>
  <system-out/>
</testsuite> <!-- AppiumMavenGrpID.AppiumFramework.EcommerceAppAutomation4Cloud -->
