<?xml version="1.0" encoding="UTF-8"?>
<!-- Generated by org.testng.reporters.JUnitReportReporter -->
<testsuite hostname="DESKTOP-T18N33P" failures="0" tests="2" name="AppiumMavenGrpID.AppiumFramework.EcommerceAppAutomation4CloudPartial" time="68.695" errors="0" timestamp="2021-10-30T17:54:13 IST" skipped="0">
  <testcase classname="AppiumMavenGrpID.AppiumFramework.EcommerceAppAutomation4CloudPartial" name="TestNGmethod" time="34.097"/>
  <system-out/>
  <testcase classname="AppiumMavenGrpID.AppiumFramework.EcommerceAppAutomation4CloudPartial" name="TestNGmethod" time="34.598"/>
  <system-out/>
</testsuite> <!-- AppiumMavenGrpID.AppiumFramework.EcommerceAppAutomation4CloudPartial -->
