<?xml version="1.0" encoding="UTF-8"?>
<!-- Generated by org.testng.reporters.JUnitReportReporter -->
<testsuite skipped="0" hostname="DESKTOP-T18N33P" name="AppiumMavenGrpID.AppiumFramework.EcommerceAppAutomation4Cloud" tests="2" failures="0" timestamp="2021-11-02T14:11:11 IST" time="97.526" errors="0">
  <testcase name="TestNGmethod" time="47.481" classname="AppiumMavenGrpID.AppiumFramework.EcommerceAppAutomation4Cloud"/>
  <system-out/>
  <testcase name="TestNGmethod" time="50.045" classname="AppiumMavenGrpID.AppiumFramework.EcommerceAppAutomation4Cloud"/>
  <system-out/>
</testsuite> <!-- AppiumMavenGrpID.AppiumFramework.EcommerceAppAutomation4Cloud -->
