<?xml version="1.0" encoding="UTF-8"?>
<!-- Generated by org.testng.reporters.JUnitReportReporter -->
<testsuite skipped="0" hostname="DESKTOP-T18N33P" name="AppiumMavenGrpID.AppiumFramework.EcommerceAppAutomation4" tests="2" failures="0" timestamp="2021-10-30T11:15:02 IST" time="148.870" errors="0">
  <testcase name="TestNGmethod" time="71.960" classname="AppiumMavenGrpID.AppiumFramework.EcommerceAppAutomation4"/>
  <system-out/>
  <testcase name="TestNGmethod" time="76.910" classname="AppiumMavenGrpID.AppiumFramework.EcommerceAppAutomation4"/>
  <system-out/>
</testsuite> <!-- AppiumMavenGrpID.AppiumFramework.EcommerceAppAutomation4 -->
