<?xml version="1.0" encoding="UTF-8"?>
<!-- Generated by org.testng.reporters.JUnitReportReporter -->
<testsuite skipped="0" hostname="DESKTOP-T18N33P" name="AppiumMavenGrpID.AppiumFramework.EcommerceAppAutomation4CloudPartial" tests="2" failures="0" timestamp="2021-11-02T14:11:11 IST" time="66.557" errors="0">
  <testcase name="TestNGmethod" time="33.214" classname="AppiumMavenGrpID.AppiumFramework.EcommerceAppAutomation4CloudPartial"/>
  <system-out/>
  <testcase name="TestNGmethod" time="33.343" classname="AppiumMavenGrpID.AppiumFramework.EcommerceAppAutomation4CloudPartial"/>
  <system-out/>
</testsuite> <!-- AppiumMavenGrpID.AppiumFramework.EcommerceAppAutomation4CloudPartial -->
